<?xml version="1.0" encoding="UTF-8"?>
<testsuite name="ch.uzh.ifi.seal.soprafs17.service.UserServiceTest" tests="2" skipped="0" failures="0" errors="0" timestamp="2017-03-02T14:40:29" hostname="dhcp-wlan-uzh-10-12-148-147.uzh.ch" time="0.437">
  <properties/>
  <testcase name="createUser" classname="ch.uzh.ifi.seal.soprafs17.service.UserServiceTest" time="0.402"/>
  <testcase name="deleteUser" classname="ch.uzh.ifi.seal.soprafs17.service.UserServiceTest" time="0.032"/>
  <system-out><![CDATA[2017-03-02 15:40:28.046  INFO 98896 --- [    Test worker] o.s.t.c.support.AbstractContextLoader    : Could not detect default resource locations for test class [ch.uzh.ifi.seal.soprafs17.service.UserServiceTest]: no resource found for suffixes {-context.xml, Context.groovy}.
2017-03-02 15:40:28.056  INFO 98896 --- [    Test worker] o.s.t.c.s.DefaultTestContextBootstrapper : Loaded default TestExecutionListener class names from location [META-INF/spring.factories]: [org.springframework.boot.test.mock.mockito.MockitoTestExecutionListener, org.springframework.boot.test.mock.mockito.ResetMocksTestExecutionListener, org.springframework.boot.test.autoconfigure.AutoConfigureReportTestExecutionListener, org.springframework.boot.test.autoconfigure.restdocs.RestDocsTestExecutionListener, org.springframework.boot.test.autoconfigure.web.client.MockRestServiceServerResetTestExecutionListener, org.springframework.test.context.web.ServletTestExecutionListener, org.springframework.test.context.support.DirtiesContextBeforeModesTestExecutionListener, org.springframework.test.context.support.DependencyInjectionTestExecutionListener, org.springframework.test.context.support.DirtiesContextTestExecutionListener, org.springframework.test.context.transaction.TransactionalTestExecutionListener, org.springframework.test.context.jdbc.SqlScriptsTestExecutionListener]
2017-03-02 15:40:28.060  INFO 98896 --- [    Test worker] o.s.t.c.s.DefaultTestContextBootstrapper : Using TestExecutionListeners: [org.springframework.test.context.web.ServletTestExecutionListener@61917fac, org.springframework.test.context.support.DirtiesContextBeforeModesTestExecutionListener@2de42992, org.springframework.boot.test.autoconfigure.AutoConfigureReportTestExecutionListener@6cefe65d, org.springframework.test.context.support.DependencyInjectionTestExecutionListener@286f0520, org.springframework.test.context.support.DirtiesContextTestExecutionListener@4269639e, org.springframework.test.context.transaction.TransactionalTestExecutionListener@4ecd6af8, org.springframework.test.context.jdbc.SqlScriptsTestExecutionListener@5d03a072, org.springframework.boot.test.autoconfigure.restdocs.RestDocsTestExecutionListener@d95f8f7, org.springframework.boot.test.autoconfigure.web.client.MockRestServiceServerResetTestExecutionListener@4691f48, org.springframework.boot.test.mock.mockito.ResetMocksTestExecutionListener@21563f97, org.springframework.boot.test.mock.mockito.MockitoTestExecutionListener@61960bff]

  .   ____          _            __ _ _
 /\\ / ___'_ __ _ _(_)_ __  __ _ \ \ \ \
( ( )\___ | '_ | '_| | '_ \/ _` | \ \ \ \
 \\/  ___)| |_)| | | | | || (_| |  ) ) ) )
  '  |____| .__|_| |_|_| |_\__, | / / / /
 =========|_|==============|___/=/_/_/_/
 :: Spring Boot ::        (v1.4.0.RELEASE)

2017-03-02 15:40:28.117  INFO 98896 --- [    Test worker] c.u.i.s.s.service.UserServiceTest        : Starting UserServiceTest on dhcp-wlan-uzh-10-12-148-147.uzh.ch with PID 98896 (started by erion in /Users/erion/Desktop/Sopra17/server/sopra-fs17-group11-server)
2017-03-02 15:40:28.118  INFO 98896 --- [    Test worker] c.u.i.s.s.service.UserServiceTest        : No active profile set, falling back to default profiles: default
2017-03-02 15:40:28.122  INFO 98896 --- [    Test worker] s.c.a.AnnotationConfigApplicationContext : Refreshing org.springframework.context.annotation.AnnotationConfigApplicationContext@269b7044: startup date [Thu Mar 02 15:40:28 CET 2017]; root of context hierarchy
2017-03-02 15:40:28.875  INFO 98896 --- [    Test worker] j.LocalContainerEntityManagerFactoryBean : Building JPA container EntityManagerFactory for persistence unit 'default'
2017-03-02 15:40:28.875  INFO 98896 --- [    Test worker] o.hibernate.jpa.internal.util.LogHelper  : HHH000204: Processing PersistenceUnitInfo [
	name: default
	...]
2017-03-02 15:40:28.884  INFO 98896 --- [    Test worker] org.hibernate.dialect.Dialect            : HHH000400: Using dialect: org.hibernate.dialect.H2Dialect
2017-03-02 15:40:28.940  INFO 98896 --- [    Test worker] org.hibernate.tool.hbm2ddl.SchemaExport  : HHH000227: Running hbm2ddl schema export
2017-03-02 15:40:28.964  INFO 98896 --- [    Test worker] org.hibernate.tool.hbm2ddl.SchemaExport  : HHH000230: Schema export complete
2017-03-02 15:40:28.968  WARN 98896 --- [    Test worker] o.h.j.i.EntityManagerFactoryRegistry     : HHH000436: Entity manager factory name (default) is already registered.  If entity manager will be clustered or passivated, specify a unique value for property 'hibernate.ejb.entitymanager_factory_name'
2017-03-02 15:40:28.968  INFO 98896 --- [    Test worker] j.LocalContainerEntityManagerFactoryBean : Initialized JPA EntityManagerFactory for persistence unit 'default'
2017-03-02 15:40:29.476  INFO 98896 --- [    Test worker] c.u.i.s.s.service.UserServiceTest        : Started UserServiceTest in 1.41 seconds (JVM running for 13.328)
2017-03-02 15:40:29.505  INFO 98896 --- [    Test worker] o.s.t.c.transaction.TransactionContext   : Began transaction (1) for test context [DefaultTestContext@2301ebd6 testClass = UserServiceTest, testInstance = ch.uzh.ifi.seal.soprafs17.service.UserServiceTest@5a247840, testMethod = createUser@UserServiceTest, testException = [null], mergedContextConfiguration = [MergedContextConfiguration@7251f433 testClass = UserServiceTest, locations = '{}', classes = '{class ch.uzh.ifi.seal.soprafs17.Application}', contextInitializerClasses = '[]', activeProfiles = '{}', propertySourceLocations = '{}', propertySourceProperties = '{}', contextCustomizers = set[org.springframework.boot.test.context.filter.ExcludeFilterContextCustomizer@483acba4, org.springframework.boot.test.mock.mockito.MockitoContextCustomizer@0, org.springframework.boot.test.autoconfigure.properties.PropertyMappingContextCustomizer@0], contextLoader = 'org.springframework.boot.test.SpringApplicationContextLoader', parent = [null]]]; transaction manager [org.springframework.orm.jpa.JpaTransactionManager@6e5b8520]; rollback [true]
2017-03-02 15:40:29.577  INFO 98896 --- [    Test worker] o.h.h.i.QueryTranslatorFactoryInitiator  : HHH000397: Using ASTQueryTranslatorFactory
2017-03-02 15:40:29.894  INFO 98896 --- [    Test worker] o.s.t.c.transaction.TransactionContext   : Rolled back transaction for test context [DefaultTestContext@2301ebd6 testClass = UserServiceTest, testInstance = ch.uzh.ifi.seal.soprafs17.service.UserServiceTest@5a247840, testMethod = createUser@UserServiceTest, testException = [null], mergedContextConfiguration = [MergedContextConfiguration@7251f433 testClass = UserServiceTest, locations = '{}', classes = '{class ch.uzh.ifi.seal.soprafs17.Application}', contextInitializerClasses = '[]', activeProfiles = '{}', propertySourceLocations = '{}', propertySourceProperties = '{}', contextCustomizers = set[org.springframework.boot.test.context.filter.ExcludeFilterContextCustomizer@483acba4, org.springframework.boot.test.mock.mockito.MockitoContextCustomizer@0, org.springframework.boot.test.autoconfigure.properties.PropertyMappingContextCustomizer@0], contextLoader = 'org.springframework.boot.test.SpringApplicationContextLoader', parent = [null]]].
2017-03-02 15:40:29.899  INFO 98896 --- [    Test worker] o.s.t.c.transaction.TransactionContext   : Began transaction (1) for test context [DefaultTestContext@2301ebd6 testClass = UserServiceTest, testInstance = ch.uzh.ifi.seal.soprafs17.service.UserServiceTest@3ef124f9, testMethod = deleteUser@UserServiceTest, testException = [null], mergedContextConfiguration = [MergedContextConfiguration@7251f433 testClass = UserServiceTest, locations = '{}', classes = '{class ch.uzh.ifi.seal.soprafs17.Application}', contextInitializerClasses = '[]', activeProfiles = '{}', propertySourceLocations = '{}', propertySourceProperties = '{}', contextCustomizers = set[org.springframework.boot.test.context.filter.ExcludeFilterContextCustomizer@483acba4, org.springframework.boot.test.mock.mockito.MockitoContextCustomizer@0, org.springframework.boot.test.autoconfigure.properties.PropertyMappingContextCustomizer@0], contextLoader = 'org.springframework.boot.test.SpringApplicationContextLoader', parent = [null]]]; transaction manager [org.springframework.orm.jpa.JpaTransactionManager@6e5b8520]; rollback [true]
2017-03-02 15:40:29.929  INFO 98896 --- [    Test worker] o.s.t.c.transaction.TransactionContext   : Rolled back transaction for test context [DefaultTestContext@2301ebd6 testClass = UserServiceTest, testInstance = ch.uzh.ifi.seal.soprafs17.service.UserServiceTest@3ef124f9, testMethod = deleteUser@UserServiceTest, testException = [null], mergedContextConfiguration = [MergedContextConfiguration@7251f433 testClass = UserServiceTest, locations = '{}', classes = '{class ch.uzh.ifi.seal.soprafs17.Application}', contextInitializerClasses = '[]', activeProfiles = '{}', propertySourceLocations = '{}', propertySourceProperties = '{}', contextCustomizers = set[org.springframework.boot.test.context.filter.ExcludeFilterContextCustomizer@483acba4, org.springframework.boot.test.mock.mockito.MockitoContextCustomizer@0, org.springframework.boot.test.autoconfigure.properties.PropertyMappingContextCustomizer@0], contextLoader = 'org.springframework.boot.test.SpringApplicationContextLoader', parent = [null]]].
]]></system-out>
  <system-err><![CDATA[]]></system-err>
</testsuite>
