<?xml version="1.0" encoding="UTF-8"?>
<testsuite name="ch.uzh.ifi.seal.soprafs17.service.UserServiceTest" tests="2" skipped="0" failures="0" errors="0" timestamp="2017-03-03T14:35:24" hostname="dhcp-wlan-uzh-10-12-213-083.uzh.ch" time="0.271">
  <properties/>
  <testcase name="createUser" classname="ch.uzh.ifi.seal.soprafs17.service.UserServiceTest" time="0.242"/>
  <testcase name="deleteUser" classname="ch.uzh.ifi.seal.soprafs17.service.UserServiceTest" time="0.027"/>
  <system-out><![CDATA[2017-03-03 15:35:23.488  INFO 5169 --- [    Test worker] o.s.t.c.support.AbstractContextLoader    : Could not detect default resource locations for test class [ch.uzh.ifi.seal.soprafs17.service.UserServiceTest]: no resource found for suffixes {-context.xml, Context.groovy}.
2017-03-03 15:35:23.498  INFO 5169 --- [    Test worker] o.s.t.c.s.DefaultTestContextBootstrapper : Loaded default TestExecutionListener class names from location [META-INF/spring.factories]: [org.springframework.boot.test.mock.mockito.MockitoTestExecutionListener, org.springframework.boot.test.mock.mockito.ResetMocksTestExecutionListener, org.springframework.boot.test.autoconfigure.AutoConfigureReportTestExecutionListener, org.springframework.boot.test.autoconfigure.restdocs.RestDocsTestExecutionListener, org.springframework.boot.test.autoconfigure.web.client.MockRestServiceServerResetTestExecutionListener, org.springframework.test.context.web.ServletTestExecutionListener, org.springframework.test.context.support.DirtiesContextBeforeModesTestExecutionListener, org.springframework.test.context.support.DependencyInjectionTestExecutionListener, org.springframework.test.context.support.DirtiesContextTestExecutionListener, org.springframework.test.context.transaction.TransactionalTestExecutionListener, org.springframework.test.context.jdbc.SqlScriptsTestExecutionListener]
2017-03-03 15:35:23.507  INFO 5169 --- [    Test worker] o.s.t.c.s.DefaultTestContextBootstrapper : Using TestExecutionListeners: [org.springframework.test.context.web.ServletTestExecutionListener@2a5ecd31, org.springframework.test.context.support.DirtiesContextBeforeModesTestExecutionListener@6172e62d, org.springframework.boot.test.autoconfigure.AutoConfigureReportTestExecutionListener@3d1d680c, org.springframework.test.context.support.DependencyInjectionTestExecutionListener@2e461254, org.springframework.test.context.support.DirtiesContextTestExecutionListener@72ad65e8, org.springframework.test.context.transaction.TransactionalTestExecutionListener@418b61e, org.springframework.test.context.jdbc.SqlScriptsTestExecutionListener@5293e399, org.springframework.boot.test.mock.mockito.MockitoTestExecutionListener@4c599f2d, org.springframework.boot.test.autoconfigure.web.client.MockRestServiceServerResetTestExecutionListener@5542216b, org.springframework.boot.test.mock.mockito.ResetMocksTestExecutionListener@142bc59b, org.springframework.boot.test.autoconfigure.restdocs.RestDocsTestExecutionListener@59e973ac]

  .   ____          _            __ _ _
 /\\ / ___'_ __ _ _(_)_ __  __ _ \ \ \ \
( ( )\___ | '_ | '_| | '_ \/ _` | \ \ \ \
 \\/  ___)| |_)| | | | | || (_| |  ) ) ) )
  '  |____| .__|_| |_|_| |_\__, | / / / /
 =========|_|==============|___/=/_/_/_/
 :: Spring Boot ::        (v1.4.0.RELEASE)

2017-03-03 15:35:23.574  INFO 5169 --- [    Test worker] c.u.i.s.s.service.UserServiceTest        : Starting UserServiceTest on dhcp-wlan-uzh-10-12-213-083.uzh.ch with PID 5169 (started by ilecipi in /Users/ilecipi/Dropbox/UZH/4Semester/sopra/Sopra17_server/sopra-fs17-group11-server)
2017-03-03 15:35:23.575  INFO 5169 --- [    Test worker] c.u.i.s.s.service.UserServiceTest        : No active profile set, falling back to default profiles: default
2017-03-03 15:35:23.577  INFO 5169 --- [    Test worker] s.c.a.AnnotationConfigApplicationContext : Refreshing org.springframework.context.annotation.AnnotationConfigApplicationContext@59419171: startup date [Fri Mar 03 15:35:23 CET 2017]; root of context hierarchy
2017-03-03 15:35:24.147  INFO 5169 --- [    Test worker] j.LocalContainerEntityManagerFactoryBean : Building JPA container EntityManagerFactory for persistence unit 'default'
2017-03-03 15:35:24.147  INFO 5169 --- [    Test worker] o.hibernate.jpa.internal.util.LogHelper  : HHH000204: Processing PersistenceUnitInfo [
	name: default
	...]
2017-03-03 15:35:24.155  INFO 5169 --- [    Test worker] org.hibernate.dialect.Dialect            : HHH000400: Using dialect: org.hibernate.dialect.H2Dialect
2017-03-03 15:35:24.214  INFO 5169 --- [    Test worker] org.hibernate.tool.hbm2ddl.SchemaExport  : HHH000227: Running hbm2ddl schema export
2017-03-03 15:35:24.246  INFO 5169 --- [    Test worker] org.hibernate.tool.hbm2ddl.SchemaExport  : HHH000230: Schema export complete
2017-03-03 15:35:24.250  WARN 5169 --- [    Test worker] o.h.j.i.EntityManagerFactoryRegistry     : HHH000436: Entity manager factory name (default) is already registered.  If entity manager will be clustered or passivated, specify a unique value for property 'hibernate.ejb.entitymanager_factory_name'
2017-03-03 15:35:24.251  INFO 5169 --- [    Test worker] j.LocalContainerEntityManagerFactoryBean : Initialized JPA EntityManagerFactory for persistence unit 'default'
2017-03-03 15:35:24.686  INFO 5169 --- [    Test worker] c.u.i.s.s.service.UserServiceTest        : Started UserServiceTest in 1.167 seconds (JVM running for 9.279)
2017-03-03 15:35:24.704  INFO 5169 --- [    Test worker] o.s.t.c.transaction.TransactionContext   : Began transaction (1) for test context [DefaultTestContext@745cbcc3 testClass = UserServiceTest, testInstance = ch.uzh.ifi.seal.soprafs17.service.UserServiceTest@27c4122e, testMethod = createUser@UserServiceTest, testException = [null], mergedContextConfiguration = [MergedContextConfiguration@1f1b3a84 testClass = UserServiceTest, locations = '{}', classes = '{class ch.uzh.ifi.seal.soprafs17.Application}', contextInitializerClasses = '[]', activeProfiles = '{}', propertySourceLocations = '{}', propertySourceProperties = '{}', contextCustomizers = set[org.springframework.boot.test.context.filter.ExcludeFilterContextCustomizer@55b3fce2, org.springframework.boot.test.mock.mockito.MockitoContextCustomizer@0, org.springframework.boot.test.autoconfigure.properties.PropertyMappingContextCustomizer@0], contextLoader = 'org.springframework.boot.test.SpringApplicationContextLoader', parent = [null]]]; transaction manager [org.springframework.orm.jpa.JpaTransactionManager@7cf79f1d]; rollback [true]
2017-03-03 15:35:24.744  INFO 5169 --- [    Test worker] o.h.h.i.QueryTranslatorFactoryInitiator  : HHH000397: Using ASTQueryTranslatorFactory
2017-03-03 15:35:24.937  INFO 5169 --- [    Test worker] o.s.t.c.transaction.TransactionContext   : Rolled back transaction for test context [DefaultTestContext@745cbcc3 testClass = UserServiceTest, testInstance = ch.uzh.ifi.seal.soprafs17.service.UserServiceTest@27c4122e, testMethod = createUser@UserServiceTest, testException = [null], mergedContextConfiguration = [MergedContextConfiguration@1f1b3a84 testClass = UserServiceTest, locations = '{}', classes = '{class ch.uzh.ifi.seal.soprafs17.Application}', contextInitializerClasses = '[]', activeProfiles = '{}', propertySourceLocations = '{}', propertySourceProperties = '{}', contextCustomizers = set[org.springframework.boot.test.context.filter.ExcludeFilterContextCustomizer@55b3fce2, org.springframework.boot.test.mock.mockito.MockitoContextCustomizer@0, org.springframework.boot.test.autoconfigure.properties.PropertyMappingContextCustomizer@0], contextLoader = 'org.springframework.boot.test.SpringApplicationContextLoader', parent = [null]]].
2017-03-03 15:35:24.941  INFO 5169 --- [    Test worker] o.s.t.c.transaction.TransactionContext   : Began transaction (1) for test context [DefaultTestContext@745cbcc3 testClass = UserServiceTest, testInstance = ch.uzh.ifi.seal.soprafs17.service.UserServiceTest@37d3e411, testMethod = deleteUser@UserServiceTest, testException = [null], mergedContextConfiguration = [MergedContextConfiguration@1f1b3a84 testClass = UserServiceTest, locations = '{}', classes = '{class ch.uzh.ifi.seal.soprafs17.Application}', contextInitializerClasses = '[]', activeProfiles = '{}', propertySourceLocations = '{}', propertySourceProperties = '{}', contextCustomizers = set[org.springframework.boot.test.context.filter.ExcludeFilterContextCustomizer@55b3fce2, org.springframework.boot.test.mock.mockito.MockitoContextCustomizer@0, org.springframework.boot.test.autoconfigure.properties.PropertyMappingContextCustomizer@0], contextLoader = 'org.springframework.boot.test.SpringApplicationContextLoader', parent = [null]]]; transaction manager [org.springframework.orm.jpa.JpaTransactionManager@7cf79f1d]; rollback [true]
2017-03-03 15:35:24.966  INFO 5169 --- [    Test worker] o.s.t.c.transaction.TransactionContext   : Rolled back transaction for test context [DefaultTestContext@745cbcc3 testClass = UserServiceTest, testInstance = ch.uzh.ifi.seal.soprafs17.service.UserServiceTest@37d3e411, testMethod = deleteUser@UserServiceTest, testException = [null], mergedContextConfiguration = [MergedContextConfiguration@1f1b3a84 testClass = UserServiceTest, locations = '{}', classes = '{class ch.uzh.ifi.seal.soprafs17.Application}', contextInitializerClasses = '[]', activeProfiles = '{}', propertySourceLocations = '{}', propertySourceProperties = '{}', contextCustomizers = set[org.springframework.boot.test.context.filter.ExcludeFilterContextCustomizer@55b3fce2, org.springframework.boot.test.mock.mockito.MockitoContextCustomizer@0, org.springframework.boot.test.autoconfigure.properties.PropertyMappingContextCustomizer@0], contextLoader = 'org.springframework.boot.test.SpringApplicationContextLoader', parent = [null]]].
]]></system-out>
  <system-err><![CDATA[]]></system-err>
</testsuite>
